ERROR:root:Insufficient bright band rays 1 for 21 Mar 2014
ERROR:root:Insufficient precipitating satellite rays in domain 4.
ERROR:root:Insufficient precipitating satellite rays in domain 0.
ERROR:root:Insufficient precipitating satellite rays in domain 2.
ERROR:root:Insufficient bright band rays 0 for 23 Apr 2014
ERROR:root:Insufficient bright band rays 3 for 26 Apr 2014
ERROR:root:Insufficient satellite rays in domain for 28 Apr 2014
ERROR:root:Insufficient precipitating satellite rays in domain 0.
ERROR:root:Insufficient bright band rays 0 for 30 Apr 2014
ERROR:root:Insufficient precipitating satellite rays in domain 0.
ERROR:root:Insufficient satellite rays in domain for 02 May 2014
ERROR:root:Insufficient precipitating satellite rays in domain 0.
ERROR:root:Insufficient precipitating satellite rays in domain 0.
ERROR:root:Insufficient precipitating satellite rays in domain 0.
ERROR:root:Insufficient precipitating satellite rays in domain 9.
ERROR:root:Insufficient precipitating satellite rays in domain 0.
ERROR:root:Insufficient precipitating satellite rays in domain 0.
ERROR:root:Insufficient bright band rays 0 for 23 May 2014
ERROR:root:Insufficient satellite rays in domain for 28 May 2014
ERROR:root:Insufficient bright band rays 0 for 01 Jun 2014
ERROR:root:Insufficient bright band rays 0 for 03 Jun 2014
ERROR:root:Insufficient precipitating satellite rays in domain 0.
ERROR:root:Insufficient bright band rays 0 for 09 Jun 2014
ERROR:root:Insufficient precipitating satellite rays in domain 0.
ERROR:root:Insufficient precipitating satellite rays in domain 0.
ERROR:root:Insufficient satellite rays in domain for 24 Jun 2014
ERROR:root:Insufficient satellite rays in domain for 27 Jun 2014
ERROR:root:Insufficient bright band rays 0 for 30 Jun 2014
ERROR:root:Insufficient precipitating satellite rays in domain 0.
ERROR:root:Insufficient bright band rays 0 for 12 Jul 2014
ERROR:root:Insufficient precipitating satellite rays in domain 0.
ERROR:root:Insufficient precipitating satellite rays in domain 0.
ERROR:root:Insufficient precipitating satellite rays in domain 9.
ERROR:root:Insufficient precipitating satellite rays in domain 4.
ERROR:root:Insufficient precipitating satellite rays in domain 0.
ERROR:root:Insufficient satellite rays in domain for 19 Aug 2014
ERROR:root:Insufficient precipitating satellite rays in domain 0.
ERROR:root:Insufficient precipitating satellite rays in domain 0.
ERROR:root:Insufficient satellite rays in domain for 31 Aug 2014
ERROR:root:Insufficient precipitating satellite rays in domain 0.
ERROR:root:Insufficient precipitating satellite rays in domain 0.
ERROR:root:Insufficient precipitating satellite rays in domain 3.
ERROR:root:Insufficient satellite rays in domain for 20 Sep 2014
ERROR:root:Insufficient bright band rays 0 for 22 Sep 2014
ERROR:root:Insufficient precipitating satellite rays in domain 0.
